<?xml version="1.0" encoding="UTF-8"?>
<!-- Generated by org.testng.reporters.JUnitReportReporter -->
<testsuite hostname="KAI-DT136" name="com.SchoolOfDragons.SchoolOfDragons_Live_CreateAge13NonAuthorisedUser.TestCase7" tests="1" failures="0" timestamp="9 May 2016 07:37:45 GMT" time="118.066" errors="0">
  <testcase name="createNewUserAge12" time="118.066" classname="com.SchoolOfDragons.SchoolOfDragons_Live_CreateAge13NonAuthorisedUser.TestCase7"/>
</testsuite> <!-- com.SchoolOfDragons.SchoolOfDragons_Live_CreateAge13NonAuthorisedUser.TestCase7 -->
